# JRE version: Java(TM) SE Runtime Environment (20.0.1+9) (build 20.0.1+9-29)
# Java VM: Java HotSpot(TM) 64-Bit Server VM (20.0.1+9-29, mixed mode, sharing, tiered, compressed oops, compressed class ptrs, g1 gc, windows-amd64)
GC Precious Log:
 CardTable entry size: 512
 Card Set container configuration: InlinePtr #cards 4 size 8 Array Of Cards #cards 16 size 48 Howl #buckets 8 coarsen threshold 3686 Howl Bitmap #cards 512 size 80 coarsen threshold 460 Card regions per heap region 1 cards per card region 4096
 CPUs: 6 total, 6 available
 Memory: 16308M
 Large Page Support: Disabled
 NUMA Support: Disabled
 Compressed Oops: Enabled (Zero based)
 Heap Region Size: 2M
 Heap Min Capacity: 8M
 Heap Initial Capacity: 256M
 Heap Max Capacity: 4078M
 Pre-touch: Disabled
 Parallel Workers: 6
 Concurrent Workers: 2
 Concurrent Refinement Workers: 6
 Periodic GC: Disabled
Heap:
 garbage-first heap   total 67584K, used 30865K [0x0000000701200000, 0x0000000800000000)
  region size 2048K, 4 young (8192K), 2 survivors (4096K)
 Metaspace       used 74765K, committed 75712K, reserved 1179648K
  class space    used 9478K, committed 9856K, reserved 1048576K
GC Heap History (20 events):
Event: 1297.923 GC heap before
{Heap before GC invocations=37 (full 9):
 garbage-first heap   total 67584K, used 58441K [0x0000000701200000, 0x0000000800000000)
  region size 2048K, 16 young (32768K), 0 survivors (0K)
 Metaspace       used 73577K, committed 74432K, reserved 1114112K
  class space    used 9421K, committed 9792K, reserved 1048576K
}
Event: 1297.925 GC heap after
{Heap after GC invocations=38 (full 9):
 garbage-first heap   total 67584K, used 28645K [0x0000000701200000, 0x0000000800000000)
  region size 2048K, 2 young (4096K), 2 survivors (4096K)
 Metaspace       used 73577K, committed 74432K, reserved 1114112K
  class space    used 9421K, committed 9792K, reserved 1048576K
}
Event: 1298.120 GC heap before
{Heap before GC invocations=38 (full 9):
 garbage-first heap   total 67584K, used 55269K [0x0000000701200000, 0x0000000800000000)
  region size 2048K, 15 young (30720K), 2 survivors (4096K)
 Metaspace       used 73889K, committed 74752K, reserved 1179648K
  class space    used 9437K, committed 9792K, reserved 1048576K
}
Event: 1298.122 GC heap after
{Heap after GC invocations=39 (full 9):
 garbage-first heap   total 67584K, used 30003K [0x0000000701200000, 0x0000000800000000)
  region size 2048K, 2 young (4096K), 2 survivors (4096K)
 Metaspace       used 73889K, committed 74752K, reserved 1179648K
  class space    used 9437K, committed 9792K, reserved 1048576K
}
Event: 1428.413 GC heap before
{Heap before GC invocations=39 (full 9):
 garbage-first heap   total 67584K, used 34099K [0x0000000701200000, 0x0000000800000000)
  region size 2048K, 5 young (10240K), 2 survivors (4096K)
 Metaspace       used 73927K, committed 74752K, reserved 1179648K
  class space    used 9437K, committed 9792K, reserved 1048576K
}
Event: 1428.455 GC heap after
{Heap after GC invocations=40 (full 10):
 garbage-first heap   total 67584K, used 25850K [0x0000000701200000, 0x0000000800000000)
  region size 2048K, 0 young (0K), 0 survivors (0K)
 Metaspace       used 73921K, committed 74752K, reserved 1179648K
  class space    used 9436K, committed 9792K, reserved 1048576K
}
Event: 1428.711 GC heap before
{Heap before GC invocations=40 (full 10):
 garbage-first heap   total 67584K, used 54522K [0x0000000701200000, 0x0000000800000000)
  region size 2048K, 15 young (30720K), 0 survivors (0K)
 Metaspace       used 73982K, committed 74880K, reserved 1179648K
  class space    used 9441K, committed 9856K, reserved 1048576K
}
Event: 1428.714 GC heap after
{Heap after GC invocations=41 (full 10):
 garbage-first heap   total 67584K, used 28661K [0x0000000701200000, 0x0000000800000000)
  region size 2048K, 2 young (4096K), 2 survivors (4096K)
 Metaspace       used 73982K, committed 74880K, reserved 1179648K
  class space    used 9441K, committed 9856K, reserved 1048576K
}
Event: 1428.880 GC heap before
{Heap before GC invocations=41 (full 10):
 garbage-first heap   total 67584K, used 53237K [0x0000000701200000, 0x0000000800000000)
  region size 2048K, 14 young (28672K), 2 survivors (4096K)
 Metaspace       used 74283K, committed 75200K, reserved 1179648K
  class space    used 9453K, committed 9856K, reserved 1048576K
}
Event: 1428.883 GC heap after
{Heap after GC invocations=42 (full 10):
 garbage-first heap   total 67584K, used 30642K [0x0000000701200000, 0x0000000800000000)
  region size 2048K, 2 young (4096K), 2 survivors (4096K)
 Metaspace       used 74283K, committed 75200K, reserved 1179648K
  class space    used 9453K, committed 9856K, reserved 1048576K
}
Event: 1436.476 GC heap before
{Heap before GC invocations=42 (full 10):
 garbage-first heap   total 67584K, used 36786K [0x0000000701200000, 0x0000000800000000)
  region size 2048K, 6 young (12288K), 2 survivors (4096K)
 Metaspace       used 74308K, committed 75200K, reserved 1179648K
  class space    used 9453K, committed 9856K, reserved 1048576K
}
Event: 1436.519 GC heap after
{Heap after GC invocations=43 (full 11):
 garbage-first heap   total 67584K, used 26016K [0x0000000701200000, 0x0000000800000000)
  region size 2048K, 0 young (0K), 0 survivors (0K)
 Metaspace       used 74302K, committed 75200K, reserved 1179648K
  class space    used 9452K, committed 9856K, reserved 1048576K
}
Event: 1436.789 GC heap before
{Heap before GC invocations=43 (full 11):
 garbage-first heap   total 67584K, used 54688K [0x0000000701200000, 0x0000000800000000)
  region size 2048K, 15 young (30720K), 0 survivors (0K)
 Metaspace       used 74389K, committed 75328K, reserved 1179648K
  class space    used 9457K, committed 9856K, reserved 1048576K
}
Event: 1436.790 GC heap after
{Heap after GC invocations=44 (full 11):
 garbage-first heap   total 67584K, used 28847K [0x0000000701200000, 0x0000000800000000)
  region size 2048K, 2 young (4096K), 2 survivors (4096K)
 Metaspace       used 74389K, committed 75328K, reserved 1179648K
  class space    used 9457K, committed 9856K, reserved 1048576K
}
Event: 1436.959 GC heap before
{Heap before GC invocations=44 (full 11):
 garbage-first heap   total 67584K, used 53423K [0x0000000701200000, 0x0000000800000000)
  region size 2048K, 14 young (28672K), 2 survivors (4096K)
 Metaspace       used 74656K, committed 75520K, reserved 1179648K
  class space    used 9471K, committed 9856K, reserved 1048576K
}
Event: 1436.962 GC heap after
{Heap after GC invocations=45 (full 11):
 garbage-first heap   total 67584K, used 31060K [0x0000000701200000, 0x0000000800000000)
  region size 2048K, 2 young (4096K), 2 survivors (4096K)
 Metaspace       used 74656K, committed 75520K, reserved 1179648K
  class space    used 9471K, committed 9856K, reserved 1048576K
}
Event: 1438.405 GC heap before
{Heap before GC invocations=45 (full 11):
 garbage-first heap   total 67584K, used 37204K [0x0000000701200000, 0x0000000800000000)
  region size 2048K, 6 young (12288K), 2 survivors (4096K)
 Metaspace       used 74683K, committed 75520K, reserved 1179648K
  class space    used 9471K, committed 9856K, reserved 1048576K
}
Event: 1438.447 GC heap after
{Heap after GC invocations=46 (full 12):
 garbage-first heap   total 67584K, used 26198K [0x0000000701200000, 0x0000000800000000)
  region size 2048K, 0 young (0K), 0 survivors (0K)
 Metaspace       used 74677K, committed 75520K, reserved 1179648K
  class space    used 9470K, committed 9856K, reserved 1048576K
}
Event: 1438.680 GC heap before
{Heap before GC invocations=46 (full 12):
 garbage-first heap   total 67584K, used 54870K [0x0000000701200000, 0x0000000800000000)
  region size 2048K, 15 young (30720K), 0 survivors (0K)
 Metaspace       used 74736K, committed 75584K, reserved 1179648K
  class space    used 9474K, committed 9856K, reserved 1048576K
}
Event: 1438.682 GC heap after
{Heap after GC invocations=47 (full 12):
 garbage-first heap   total 67584K, used 28817K [0x0000000701200000, 0x0000000800000000)
  region size 2048K, 2 young (4096K), 2 survivors (4096K)
 Metaspace       used 74736K, committed 75584K, reserved 1179648K
  class space    used 9474K, committed 9856K, reserved 1048576K
}

